<?xml version="1.0" encoding="UTF-8"?>
<testsuite xmlns:xsi="http://www.w3.org/2001/XMLSchema-instance"
           xsi:noNamespaceSchemaLocation="https://maven.apache.org/surefire/maven-surefire-plugin/xsd/surefire-test-report-3.0.xsd"
           version="3.0" name="employee.application.out.UserClientTest" time="0.582" tests="1" errors="0" skipped="0"
           failures="0">
    <properties>
[...]
</properties>
    <testcase name="shouldCreateANewUser" classname="employee.application.out.UserClientTest" time="0.581">
        <system-out><![CDATA[2023-05-29T00:07:34.309+01:00  INFO 24964 --- [WebServer 54184] okhttp3.mockwebserver.MockWebServer      : MockWebServer[54184] starting to accept connections
2023-05-29T00:07:34.794+01:00  INFO 24964 --- [127.0.0.1:54186] okhttp3.mockwebserver.MockWebServer      : MockWebServer[54184] received request: POST /users/users HTTP/1.1 and responded: HTTP/1.1 201 OK
2023-05-29T00:07:34.826+01:00  INFO 24964 --- [WebServer 54184] okhttp3.mockwebserver.MockWebServer      : MockWebServer[54184] done accepting connections: Socket closed
]]></system-out>
    </testcase>
</testsuite>